<?xml version="1.0" encoding="UTF-8"?>
<!-- Generated by org.testng.reporters.JUnitXMLReporter -->
<testsuite ignored="1" hostname="CDWILT004" failures="2" tests="3" name="Sports Game Test" time="0.087" errors="0" timestamp="2022-09-19T11:03:30 SGT">
  <testcase classname="runners.SportsGame" name="@BeforeClass startReportAndSetProperty" time="-1.663556610897E9">
    <failure type="org.testng.TestNGException" message="
Parameter &amp;apos;platform&amp;apos; is required by BeforeClass on method startReportAndSetProperty but has not been marked @Optional or defined
in D:\Eclipse WorkSpace\AutomationWEBGameTestingInNewFramework\sportsTestng.xml">
      <![CDATA[org.testng.TestNGException: 
Parameter 'platform' is required by BeforeClass on method startReportAndSetProperty but has not been marked @Optional or defined
in D:\Eclipse WorkSpace\AutomationWEBGameTestingInNewFramework\sportsTestng.xml
at java.base/java.util.ArrayList.forEach(ArrayList.java:1511)
... Removed 22 stack frames]]>
    </failure>
  </testcase> <!-- @BeforeClass startReportAndSetProperty -->
  <testcase classname="runners.SportsGame" name="@AfterMethod logCaseStatus" time="-1.663556610949E9">
    <skipped/>
  </testcase> <!-- @AfterMethod logCaseStatus -->
  <testcase classname="runners.SportsGame" name="@AfterClass stopDriver" time="-1.663556610954E9">
    <skipped/>
  </testcase> <!-- @AfterClass stopDriver -->
  <testcase classname="runners.SportsGame" name="goToSite" time="0.0">
    <failure type="org.testng.TestNGException" message="
Parameter &amp;apos;url&amp;apos; is required by @Test on method goToSite but has not been marked @Optional or defined
in D:\Eclipse WorkSpace\AutomationWEBGameTestingInNewFramework\sportsTestng.xml">
      <![CDATA[org.testng.TestNGException: 
Parameter 'url' is required by @Test on method goToSite but has not been marked @Optional or defined
in D:\Eclipse WorkSpace\AutomationWEBGameTestingInNewFramework\sportsTestng.xml
at java.base/java.util.ArrayList.forEach(ArrayList.java:1511)
... Removed 26 stack frames]]>
    </failure>
  </testcase> <!-- goToSite -->
  <testcase classname="runners.SportsGame" name="selectCateogry" time="0.0">
    <skipped/>
  </testcase> <!-- selectCateogry -->
  <testcase classname="runners.SportsGame" name="selectVendor" time="0.0">
    <failure type="org.testng.TestNGException" message="
Parameter &amp;apos;sportsmaster&amp;apos; is required by @Test on method selectVendor but has not been marked @Optional or defined
in D:\Eclipse WorkSpace\AutomationWEBGameTestingInNewFramework\sportsTestng.xml">
      <![CDATA[org.testng.TestNGException: 
Parameter 'sportsmaster' is required by @Test on method selectVendor but has not been marked @Optional or defined
in D:\Eclipse WorkSpace\AutomationWEBGameTestingInNewFramework\sportsTestng.xml
at java.base/java.util.ArrayList.forEach(ArrayList.java:1511)
... Removed 26 stack frames]]>
    </failure>
  </testcase> <!-- selectVendor -->
  <testcase classname="runners.SportsGame" name="login" time="0.0">
    <ignored/>
  </testcase> <!-- login -->
</testsuite> <!-- Sports Game Test -->
