<?xml version="1.0" encoding="UTF-8"?>
<testng-results ignored="0" total="4" passed="3" failed="1" skipped="0">
  <reporter-output>
  </reporter-output>
  <suite started-at="2022-09-23T17:59:15 SGT" name="Suite-CQ9SLots" finished-at="2022-09-23T18:00:52 SGT" duration-ms="96698">
    <groups>
      <group name="category">
        <method signature="CQ9FishGame.selectCategory(java.lang.String)[pri:2, instance:runnerFish004.CQ9FishGame@486be205]" name="selectCategory" class="runnerFish004.CQ9FishGame"/>
      </group> <!-- category -->
      <group name="login">
        <method signature="CQ9FishGame.login(java.lang.String)[pri:1, instance:runnerFish004.CQ9FishGame@486be205]" name="login" class="runnerFish004.CQ9FishGame"/>
      </group> <!-- login -->
      <group name="vendorAndGame">
        <method signature="CQ9FishGame.selectCQ9VendorAndGame(java.lang.String,java.lang.String,java.lang.String,java.lang.String,int,java.lang.String)[pri:3, instance:runnerFish004.CQ9FishGame@486be205]" name="selectCQ9VendorAndGame" class="runnerFish004.CQ9FishGame"/>
      </group> <!-- vendorAndGame -->
    </groups>
    <test started-at="2022-09-23T17:59:15 SGT" name="CQ9SLots" finished-at="2022-09-23T18:00:52 SGT" duration-ms="96698">
      <class name="runnerFish004.CQ9FishGame">
        <test-method is-config="true" signature="startReportAndSetProperty(java.lang.String,java.lang.String,java.lang.String,java.lang.String)[pri:0, instance:runnerFish004.CQ9FishGame@486be205]" started-at="2022-09-23T17:59:15 SGT" name="startReportAndSetProperty" finished-at="2022-09-23T17:59:20 SGT" duration-ms="4925" status="PASS">
          <params>
            <param index="0">
              <value>
                <![CDATA[Web]]>
              </value>
            </param>
            <param index="1">
              <value>
                <![CDATA[Chrome]]>
              </value>
            </param>
            <param index="2">
              <value>
                <![CDATA[JDK/JSE 17]]>
              </value>
            </param>
            <param index="3">
              <value>
                <![CDATA[Jordan]]>
              </value>
            </param>
          </params>
          <reporter-output>
          </reporter-output>
        </test-method> <!-- startReportAndSetProperty -->
        <test-method signature="goToSite(java.lang.String)[pri:0, instance:runnerFish004.CQ9FishGame@486be205]" started-at="2022-09-23T17:59:20 SGT" name="goToSite" finished-at="2022-09-23T17:59:23 SGT" duration-ms="3163" status="PASS">
          <params>
            <param index="0">
              <value>
                <![CDATA[https://wltestmembersite.the777888.com]]>
              </value>
            </param>
          </params>
          <reporter-output>
          </reporter-output>
        </test-method> <!-- goToSite -->
        <test-method is-config="true" signature="logCaseStatus(org.testng.ITestResult)[pri:0, instance:runnerFish004.CQ9FishGame@486be205]" started-at="2022-09-23T17:59:23 SGT" name="logCaseStatus" finished-at="2022-09-23T17:59:23 SGT" duration-ms="17" status="PASS">
          <params>
            <param index="0">
              <value>
                <![CDATA[[TestResult name=goToSite status=SUCCESS method=CQ9FishGame.goToSite(java.lang.String)[pri:0, instance:runnerFish004.CQ9FishGame@486be205] output={null}]]]>
              </value>
            </param>
          </params>
          <reporter-output>
          </reporter-output>
        </test-method> <!-- logCaseStatus -->
        <test-method signature="login(java.lang.String)[pri:1, instance:runnerFish004.CQ9FishGame@486be205]" started-at="2022-09-23T17:59:23 SGT" name="login" finished-at="2022-09-23T17:59:28 SGT" duration-ms="4743" status="PASS">
          <params>
            <param index="0">
              <value>
                <![CDATA[qctestergame001]]>
              </value>
            </param>
          </params>
          <reporter-output>
          </reporter-output>
        </test-method> <!-- login -->
        <test-method is-config="true" signature="logCaseStatus(org.testng.ITestResult)[pri:0, instance:runnerFish004.CQ9FishGame@486be205]" started-at="2022-09-23T17:59:28 SGT" name="logCaseStatus" finished-at="2022-09-23T17:59:28 SGT" duration-ms="0" status="PASS">
          <params>
            <param index="0">
              <value>
                <![CDATA[[TestResult name=login status=SUCCESS method=CQ9FishGame.login(java.lang.String)[pri:1, instance:runnerFish004.CQ9FishGame@486be205] output={null}]]]>
              </value>
            </param>
          </params>
          <reporter-output>
          </reporter-output>
        </test-method> <!-- logCaseStatus -->
        <test-method signature="selectCategory(java.lang.String)[pri:2, instance:runnerFish004.CQ9FishGame@486be205]" started-at="2022-09-23T17:59:28 SGT" name="selectCategory" finished-at="2022-09-23T17:59:29 SGT" duration-ms="924" status="PASS">
          <params>
            <param index="0">
              <value>
                <![CDATA[5]]>
              </value>
            </param>
          </params>
          <reporter-output>
          </reporter-output>
        </test-method> <!-- selectCategory -->
        <test-method is-config="true" signature="logCaseStatus(org.testng.ITestResult)[pri:0, instance:runnerFish004.CQ9FishGame@486be205]" started-at="2022-09-23T17:59:29 SGT" name="logCaseStatus" finished-at="2022-09-23T17:59:29 SGT" duration-ms="0" status="PASS">
          <params>
            <param index="0">
              <value>
                <![CDATA[[TestResult name=selectCategory status=SUCCESS method=CQ9FishGame.selectCategory(java.lang.String)[pri:2, instance:runnerFish004.CQ9FishGame@486be205] output={null}]]]>
              </value>
            </param>
          </params>
          <reporter-output>
          </reporter-output>
        </test-method> <!-- logCaseStatus -->
        <test-method signature="selectCQ9VendorAndGame(java.lang.String,java.lang.String,java.lang.String,java.lang.String,int,java.lang.String)[pri:3, instance:runnerFish004.CQ9FishGame@486be205]" started-at="2022-09-23T17:59:29 SGT" name="selectCQ9VendorAndGame" finished-at="2022-09-23T18:00:52 SGT" duration-ms="82774" status="FAIL">
          <params>
            <param index="0">
              <value>
                <![CDATA[CQ9]]>
              </value>
            </param>
            <param index="1">
              <value>
                <![CDATA[CQ9]]>
              </value>
            </param>
            <param index="2">
              <value>
                <![CDATA[英雄捕鱼]]>
              </value>
            </param>
            <param index="3">
              <value>
                <![CDATA[一炮捕鱼]]>
              </value>
            </param>
            <param index="4">
              <value>
                <![CDATA[1]]>
              </value>
            </param>
            <param index="5">
              <value>
                <![CDATA[0]]>
              </value>
            </param>
          </params>
          <exception class="org.sikuli.script.FindFailed">
            <message>
              <![CDATA[D:\Eclipse WorkSpace\AutomationWEBGameTestingInNewFramework.\src\test\resources\imageBasedSearch\Fish.sikuli\tutorialAway.png: (58x95) seen at (1302, 557) with 0.77 in R[0,0 1536x864]@S(0)]]>
            </message>
            <full-stacktrace>
              <![CDATA[FindFailed: D:\Eclipse WorkSpace\AutomationWEBGameTestingInNewFramework.\src\test\resources\imageBasedSearch\Fish.sikuli\tutorialAway.png: (58x95) seen at (1302, 557) with 0.77 in R[0,0 1536x864]@S(0)
  Line 2226, in file Region.java

at org.sikuli.script.Region.wait(Region.java:2226)
at functions.PerformBetting.performFishBetting(PerformBetting.java:58)
at functions.CategoryVendorAndGame.selectFishGame(CategoryVendorAndGame.java:135)
at runnerFish004.CQ9FishGame.selectCQ9VendorAndGame(CQ9FishGame.java:70)
at java.base/jdk.internal.reflect.NativeMethodAccessorImpl.invoke0(Native Method)
at java.base/jdk.internal.reflect.NativeMethodAccessorImpl.invoke(NativeMethodAccessorImpl.java:77)
at java.base/jdk.internal.reflect.DelegatingMethodAccessorImpl.invoke(DelegatingMethodAccessorImpl.java:43)
at java.base/java.lang.reflect.Method.invoke(Method.java:568)
at org.testng.internal.MethodInvocationHelper.invokeMethod(MethodInvocationHelper.java:133)
at org.testng.internal.TestInvoker.invokeMethod(TestInvoker.java:598)
at org.testng.internal.TestInvoker.invokeTestMethod(TestInvoker.java:173)
at org.testng.internal.MethodRunner.runInSequence(MethodRunner.java:46)
at org.testng.internal.TestInvoker$MethodInvocationAgent.invoke(TestInvoker.java:824)
at org.testng.internal.TestInvoker.invokeTestMethods(TestInvoker.java:146)
at org.testng.internal.TestMethodWorker.invokeTestMethods(TestMethodWorker.java:146)
at org.testng.internal.TestMethodWorker.run(TestMethodWorker.java:128)
at java.base/java.util.ArrayList.forEach(ArrayList.java:1511)
at org.testng.TestRunner.privateRun(TestRunner.java:794)
at org.testng.TestRunner.run(TestRunner.java:596)
at org.testng.SuiteRunner.runTest(SuiteRunner.java:377)
at org.testng.SuiteRunner.runSequentially(SuiteRunner.java:371)
at org.testng.SuiteRunner.privateRun(SuiteRunner.java:332)
at org.testng.SuiteRunner.run(SuiteRunner.java:276)
at org.testng.SuiteRunnerWorker.runSuite(SuiteRunnerWorker.java:53)
at org.testng.SuiteRunnerWorker.run(SuiteRunnerWorker.java:96)
at org.testng.TestNG.runSuitesSequentially(TestNG.java:1212)
at org.testng.TestNG.runSuitesLocally(TestNG.java:1134)
at org.testng.TestNG.runSuites(TestNG.java:1063)
at org.testng.TestNG.run(TestNG.java:1031)
at org.testng.remote.AbstractRemoteTestNG.run(AbstractRemoteTestNG.java:115)
at org.testng.remote.RemoteTestNG.initAndRun(RemoteTestNG.java:251)
at org.testng.remote.RemoteTestNG.main(RemoteTestNG.java:77)
]]>
            </full-stacktrace>
          </exception> <!-- org.sikuli.script.FindFailed -->
          <reporter-output>
          </reporter-output>
        </test-method> <!-- selectCQ9VendorAndGame -->
        <test-method is-config="true" signature="logCaseStatus(org.testng.ITestResult)[pri:0, instance:runnerFish004.CQ9FishGame@486be205]" started-at="2022-09-23T18:00:52 SGT" name="logCaseStatus" finished-at="2022-09-23T18:00:52 SGT" duration-ms="16" status="FAIL">
          <params>
            <param index="0">
              <value>
                <![CDATA[[TestResult name=selectCQ9VendorAndGame status=FAILURE method=CQ9FishGame.selectCQ9VendorAndGame(java.lang.String,java.lang.String,java.lang.String,java.lang.String,int,java.lang.String)[pri:3, instance:runnerFish004.CQ9FishGame@486be205] output={null}]]]>
              </value>
            </param>
          </params>
          <exception class="org.openqa.selenium.NoSuchWindowException">
            <message>
              <![CDATA[no such window: window was already closed
  (Session info: chrome=105.0.5195.127)
Build info: version: '3.141.59', revision: 'e82be7d358', time: '2018-11-14T08:17:03'
System info: host: 'CDWILT004', ip: '192.168.88.107', os.name: 'Windows 10', os.arch: 'amd64', os.version: '10.0', java.version: '17.0.3.1'
Driver info: org.openqa.selenium.chrome.ChromeDriver
Capabilities {acceptInsecureCerts: false, browserName: chrome, browserVersion: 105.0.5195.127, chrome: {chromedriverVersion: 105.0.5195.52 (412c95e51883..., userDataDir: C:\Users\JORDAN~1\AppData\L...}, goog:chromeOptions: {debuggerAddress: localhost:50294}, javascriptEnabled: true, networkConnectionEnabled: false, pageLoadStrategy: normal, platform: WINDOWS, platformName: WINDOWS, proxy: Proxy(), setWindowRect: true, strictFileInteractability: false, timeouts: {implicit: 0, pageLoad: 300000, script: 30000}, unhandledPromptBehavior: dismiss and notify, webauthn:extension:credBlob: true, webauthn:extension:largeBlob: true, webauthn:virtualAuthenticators: true}
Session ID: 33fd13e54d916d041e0eca3b1be61702]]>
            </message>
            <full-stacktrace>
              <![CDATA[org.openqa.selenium.NoSuchWindowException: no such window: window was already closed
  (Session info: chrome=105.0.5195.127)
Build info: version: '3.141.59', revision: 'e82be7d358', time: '2018-11-14T08:17:03'
System info: host: 'CDWILT004', ip: '192.168.88.107', os.name: 'Windows 10', os.arch: 'amd64', os.version: '10.0', java.version: '17.0.3.1'
Driver info: org.openqa.selenium.chrome.ChromeDriver
Capabilities {acceptInsecureCerts: false, browserName: chrome, browserVersion: 105.0.5195.127, chrome: {chromedriverVersion: 105.0.5195.52 (412c95e51883..., userDataDir: C:\Users\JORDAN~1\AppData\L...}, goog:chromeOptions: {debuggerAddress: localhost:50294}, javascriptEnabled: true, networkConnectionEnabled: false, pageLoadStrategy: normal, platform: WINDOWS, platformName: WINDOWS, proxy: Proxy(), setWindowRect: true, strictFileInteractability: false, timeouts: {implicit: 0, pageLoad: 300000, script: 30000}, unhandledPromptBehavior: dismiss and notify, webauthn:extension:credBlob: true, webauthn:extension:largeBlob: true, webauthn:virtualAuthenticators: true}
Session ID: 33fd13e54d916d041e0eca3b1be61702
at java.base/jdk.internal.reflect.NativeConstructorAccessorImpl.newInstance0(Native Method)
at java.base/jdk.internal.reflect.NativeConstructorAccessorImpl.newInstance(NativeConstructorAccessorImpl.java:77)
at java.base/jdk.internal.reflect.DelegatingConstructorAccessorImpl.newInstance(DelegatingConstructorAccessorImpl.java:45)
at java.base/java.lang.reflect.Constructor.newInstanceWithCaller(Constructor.java:499)
at java.base/java.lang.reflect.Constructor.newInstance(Constructor.java:480)
at org.openqa.selenium.remote.http.W3CHttpResponseCodec.createException(W3CHttpResponseCodec.java:187)
at org.openqa.selenium.remote.http.W3CHttpResponseCodec.decode(W3CHttpResponseCodec.java:122)
at org.openqa.selenium.remote.http.W3CHttpResponseCodec.decode(W3CHttpResponseCodec.java:49)
at org.openqa.selenium.remote.HttpCommandExecutor.execute(HttpCommandExecutor.java:158)
at org.openqa.selenium.remote.service.DriverCommandExecutor.execute(DriverCommandExecutor.java:83)
at org.openqa.selenium.remote.RemoteWebDriver.execute(RemoteWebDriver.java:552)
at org.openqa.selenium.remote.RemoteWebDriver.execute(RemoteWebDriver.java:609)
at org.openqa.selenium.remote.RemoteWebDriver.getScreenshotAs(RemoteWebDriver.java:295)
at baseUtilities.TakeScreenShot.takeSnapShot(TakeScreenShot.java:19)
at baseUtilities.ResultListener.logCaseStatus(ResultListener.java:21)
at runnerFish004.CQ9FishGame.logCaseStatus(CQ9FishGame.java:80)
at java.base/jdk.internal.reflect.NativeMethodAccessorImpl.invoke0(Native Method)
at java.base/jdk.internal.reflect.NativeMethodAccessorImpl.invoke(NativeMethodAccessorImpl.java:77)
at java.base/jdk.internal.reflect.DelegatingMethodAccessorImpl.invoke(DelegatingMethodAccessorImpl.java:43)
at java.base/java.lang.reflect.Method.invoke(Method.java:568)
at org.testng.internal.MethodInvocationHelper.invokeMethod(MethodInvocationHelper.java:133)
at org.testng.internal.MethodInvocationHelper.invokeMethodConsideringTimeout(MethodInvocationHelper.java:62)
at org.testng.internal.ConfigInvoker.invokeConfigurationMethod(ConfigInvoker.java:385)
at org.testng.internal.ConfigInvoker.invokeConfigurations(ConfigInvoker.java:321)
at org.testng.internal.TestInvoker.runConfigMethods(TestInvoker.java:700)
at org.testng.internal.TestInvoker.runAfterGroupsConfigurations(TestInvoker.java:676)
at org.testng.internal.TestInvoker.invokeMethod(TestInvoker.java:660)
at org.testng.internal.TestInvoker.invokeTestMethod(TestInvoker.java:173)
at org.testng.internal.MethodRunner.runInSequence(MethodRunner.java:46)
at org.testng.internal.TestInvoker$MethodInvocationAgent.invoke(TestInvoker.java:824)
at org.testng.internal.TestInvoker.invokeTestMethods(TestInvoker.java:146)
at org.testng.internal.TestMethodWorker.invokeTestMethods(TestMethodWorker.java:146)
at org.testng.internal.TestMethodWorker.run(TestMethodWorker.java:128)
at java.base/java.util.ArrayList.forEach(ArrayList.java:1511)
at org.testng.TestRunner.privateRun(TestRunner.java:794)
at org.testng.TestRunner.run(TestRunner.java:596)
at org.testng.SuiteRunner.runTest(SuiteRunner.java:377)
at org.testng.SuiteRunner.runSequentially(SuiteRunner.java:371)
at org.testng.SuiteRunner.privateRun(SuiteRunner.java:332)
at org.testng.SuiteRunner.run(SuiteRunner.java:276)
at org.testng.SuiteRunnerWorker.runSuite(SuiteRunnerWorker.java:53)
at org.testng.SuiteRunnerWorker.run(SuiteRunnerWorker.java:96)
at org.testng.TestNG.runSuitesSequentially(TestNG.java:1212)
at org.testng.TestNG.runSuitesLocally(TestNG.java:1134)
at org.testng.TestNG.runSuites(TestNG.java:1063)
at org.testng.TestNG.run(TestNG.java:1031)
at org.testng.remote.AbstractRemoteTestNG.run(AbstractRemoteTestNG.java:115)
at org.testng.remote.RemoteTestNG.initAndRun(RemoteTestNG.java:251)
at org.testng.remote.RemoteTestNG.main(RemoteTestNG.java:77)
]]>
            </full-stacktrace>
          </exception> <!-- org.openqa.selenium.NoSuchWindowException -->
          <reporter-output>
          </reporter-output>
        </test-method> <!-- logCaseStatus -->
        <test-method is-config="true" signature="stopDriver()[pri:0, instance:runnerFish004.CQ9FishGame@486be205]" started-at="2022-09-23T18:00:52 SGT" name="stopDriver" finished-at="1970-01-01T07:30:00 SGT" duration-ms="-1663927252279" status="SKIP">
          <reporter-output>
          </reporter-output>
        </test-method> <!-- stopDriver -->
      </class> <!-- runnerFish004.CQ9FishGame -->
    </test> <!-- CQ9SLots -->
  </suite> <!-- Suite-CQ9SLots -->
</testng-results>
