<?xml version="1.0" encoding="UTF-8"?>
<!-- Generated by org.testng.reporters.JUnitXMLReporter -->
<testsuite ignored="0" hostname="CDWILT004" failures="1" tests="4" name="PGSOFTSLots" time="12.774" errors="0" timestamp="2022-09-23T12:29:29 SGT">
  <testcase classname="runnerSlots002.PGSOFTSlotsGame" name="goToSite" time="2.705"/>
  <testcase classname="runnerSlots002.PGSOFTSlotsGame" name="login" time="4.399"/>
  <testcase classname="runnerSlots002.PGSOFTSlotsGame" name="selectCategory" time="2.34"/>
  <testcase classname="runnerSlots002.PGSOFTSlotsGame" name="selectCQ9VendorAndGame" time="0.0">
    <failure type="org.testng.TestNGException" message="
Parameter &amp;apos;cq9Game1&amp;apos; is required by @Test on method selectCQ9VendorAndGame but has not been marked @Optional or defined
in D:\Eclipse WorkSpace\AutomationWEBGameTestingInNewFramework\GameTestNG\slotsPGSOFT.xml">
      <![CDATA[org.testng.TestNGException: 
Parameter 'cq9Game1' is required by @Test on method selectCQ9VendorAndGame but has not been marked @Optional or defined
in D:\Eclipse WorkSpace\AutomationWEBGameTestingInNewFramework\GameTestNG\slotsPGSOFT.xml
at java.base/java.util.ArrayList.forEach(ArrayList.java:1511)
... Removed 27 stack frames]]>
    </failure>
  </testcase> <!-- selectCQ9VendorAndGame -->
</testsuite> <!-- PGSOFTSLots -->
